0 info it worked if it ends with ok
1 verbose cli [ '/usr/bin/node', '/usr/bin/npm', 'publish' ]
2 info using npm@3.3.12
3 info using node@v5.0.0
4 verbose publish [ '.' ]
5 silly cache add args [ '.', null ]
6 verbose cache add spec .
7 silly cache add parsed spec Result {
7 silly cache add   raw: '.',
7 silly cache add   scope: null,
7 silly cache add   name: null,
7 silly cache add   rawSpec: '.',
7 silly cache add   spec: '/home/michael/Projects/scraper-framework',
7 silly cache add   type: 'directory' }
8 verbose addLocalDirectory /home/michael/.npm/aniscrape/0.1.0/package.tgz not in flight; packing
9 info lifecycle aniscrape@0.1.0~prepublish: aniscrape@0.1.0
10 silly lifecycle aniscrape@0.1.0~prepublish: no script for prepublish, continuing
11 verbose tar pack [ '/home/michael/.npm/aniscrape/0.1.0/package.tgz',
11 verbose tar pack   '/home/michael/Projects/scraper-framework' ]
12 verbose tarball /home/michael/.npm/aniscrape/0.1.0/package.tgz
13 verbose folder /home/michael/Projects/scraper-framework
14 verbose addLocalTarball adding from inside cache /home/michael/.npm/aniscrape/0.1.0/package.tgz
15 silly cache afterAdd aniscrape@0.1.0
16 verbose afterAdd /home/michael/.npm/aniscrape/0.1.0/package/package.json not in flight; writing
17 verbose afterAdd /home/michael/.npm/aniscrape/0.1.0/package/package.json written
18 silly publish { name: 'aniscrape',
18 silly publish   version: '0.1.0',
18 silly publish   description: '## About',
18 silly publish   main: 'lib/index.js',
18 silly publish   dependencies:
18 silly publish    { bluebird: '^3.0.5',
18 silly publish      cheerio: '^0.19.0',
18 silly publish      lodash: '^3.10.1',
18 silly publish      needle: '^0.11.0' },
18 silly publish   devDependencies: {},
18 silly publish   scripts: { test: 'echo "Error: no test specified" && exit 1' },
18 silly publish   author: { name: 'Roflmuffin' },
18 silly publish   license: 'MIT',
18 silly publish   readme: '# Aniscrape\n\n## About\n\nAniscrape is an experimental scraping framework which supplies a \'provider\' api to assist in scraping video & anime information from online anime sites.\n\n## Install\n\n```sh\nnpm install aniscrape\n```\n\n## Usage\n\n#### Foreword\nPlease note that aniscrape is currently under heavy development and as a result the API is constantly changing and is by no means final. I don\'t claim to be an expert in module design so suggestions regarding class structure are welcome.\n\n```js\nvar Aniscrape = require(\'aniscrape\');\nvar animebam = require(\'aniscrape-animebam\'); // Check source on GitHub for more info.\n\nvar scraper = new Aniscrape();\nscraper.use(animebam);\n\nscraper.search(\'Haikyuu\', \'animebam\').then(function (results) {\n  scraper.fetchSeries(results[0]).then(function(anime) {\n    scraper.fetchVideo(anime.episodes[0]).then(function(video) {\n      // Video is a list of direct video links and quality labels.\n    })\n  });\n})\n```\n\n## Providers\n\nAniscrape uses a modular design whereby you simply provide the scraping structure of your website (urls, html class names etc.) in the form of a search provider module, and aniscrape will use that when providing search results, episode lists and more.\n\nYou can see the current structure of search providers in the [provider guide.](provider-guide.md)',
18 silly publish   readmeFilename: 'readme.md',
18 silly publish   gitHead: '4c1b91891d70a19c8dd40716a2db7e47fd79042a',
18 silly publish   _id: 'aniscrape@0.1.0',
18 silly publish   _shasum: '878e5af4fc05b63a1a025d73662c5fc19bdd4f51',
18 silly publish   _from: '.' }
19 verbose getPublishConfig undefined
20 silly mapToRegistry name aniscrape
21 silly mapToRegistry using default registry
22 silly mapToRegistry registry https://registry.npmjs.org/
23 silly mapToRegistry uri https://registry.npmjs.org/aniscrape
24 verbose publish registryBase https://registry.npmjs.org/
25 silly publish uploading /home/michael/.npm/aniscrape/0.1.0/package.tgz
26 verbose request uri https://registry.npmjs.org/aniscrape
27 verbose request sending authorization for write operation
28 info attempt registry request try #1 at 6:24:30 pm
29 verbose request using bearer token for auth
30 verbose request id fbbb82dd81c68272
31 http request PUT https://registry.npmjs.org/aniscrape
32 http 403 https://registry.npmjs.org/aniscrape
33 verbose headers { 'content-type': 'application/json',
33 verbose headers   'cache-control': 'max-age=60',
33 verbose headers   'content-length': '95',
33 verbose headers   'accept-ranges': 'bytes',
33 verbose headers   date: 'Sun, 06 Dec 2015 08:24:31 GMT',
33 verbose headers   via: '1.1 varnish',
33 verbose headers   connection: 'keep-alive',
33 verbose headers   'x-served-by': 'cache-bne7721-BNE',
33 verbose headers   'x-cache': 'MISS',
33 verbose headers   'x-cache-hits': '0',
33 verbose headers   'x-timer': 'S1449390270.608797,VS0,VE797' }
34 verbose request invalidating /home/michael/.npm/registry.npmjs.org/aniscrape on PUT
35 error publish Failed PUT 403
36 verbose stack Error: "You cannot publish over the previously published version 0.1.0." : aniscrape
36 verbose stack     at makeError (/usr/lib/node_modules/npm/node_modules/npm-registry-client/lib/request.js:264:12)
36 verbose stack     at CachingRegistryClient.<anonymous> (/usr/lib/node_modules/npm/node_modules/npm-registry-client/lib/request.js:252:14)
36 verbose stack     at Request._callback (/usr/lib/node_modules/npm/node_modules/npm-registry-client/lib/request.js:172:14)
36 verbose stack     at Request.self.callback (/usr/lib/node_modules/npm/node_modules/request/request.js:198:22)
36 verbose stack     at emitTwo (events.js:87:13)
36 verbose stack     at Request.emit (events.js:172:7)
36 verbose stack     at Request.<anonymous> (/usr/lib/node_modules/npm/node_modules/request/request.js:1082:10)
36 verbose stack     at emitOne (events.js:82:20)
36 verbose stack     at Request.emit (events.js:169:7)
36 verbose stack     at IncomingMessage.<anonymous> (/usr/lib/node_modules/npm/node_modules/request/request.js:1009:12)
37 verbose statusCode 403
38 verbose pkgid aniscrape
39 verbose cwd /home/michael/Projects/scraper-framework
40 error Linux 4.2.5-1-ARCH
41 error argv "/usr/bin/node" "/usr/bin/npm" "publish"
42 error node v5.0.0
43 error npm  v3.3.12
44 error code E403
45 error "You cannot publish over the previously published version 0.1.0." : aniscrape
46 error If you need help, you may report this error at:
46 error     <https://github.com/npm/npm/issues>
47 verbose exit [ 1, true ]
